11:02:11.66 [main] INFO  testCases.TC001_AccountRegistrationTest - ****Finished TC001_AccountRegistrationTest****
11:02:13.32 [main] INFO  testCases.TC002_LoginTest - **** Starting login test ****
11:02:13.32 [main] INFO  testCases.TC002_LoginTest - **** home page ****
11:02:13.515 [main] INFO  testCases.TC002_LoginTest - **** login page ****
11:02:13.935 [main] INFO  testCases.TC002_LoginTest - **** my account page ****
11:02:13.995 [main] INFO  testCases.TC002_LoginTest - **** Finished login test ****
11:04:33.987 [main] INFO  testCases.TC001_AccountRegistrationTest - **** Starting TC001_AccountRegistrationTest ****
11:04:34.179 [main] INFO  testCases.TC001_AccountRegistrationTest - Clicked on my account
11:04:34.457 [main] INFO  testCases.TC001_AccountRegistrationTest - Clicked on register link
11:04:34.460 [main] INFO  testCases.TC001_AccountRegistrationTest - Providing customer details
11:04:34.878 [main] INFO  testCases.TC001_AccountRegistrationTest - ****Finished TC001_AccountRegistrationTest****
11:04:36.848 [main] INFO  testCases.TC002_LoginTest - **** Starting login test ****
11:04:36.848 [main] INFO  testCases.TC002_LoginTest - **** home page ****
11:04:37.213 [main] INFO  testCases.TC002_LoginTest - **** login page ****
11:04:37.588 [main] INFO  testCases.TC002_LoginTest - **** my account page ****
11:04:37.642 [main] INFO  testCases.TC002_LoginTest - **** Finished login test ****
11:05:39.708 [TestNG-tests-1] INFO  testCases.TC001_AccountRegistrationTest - **** Starting TC001_AccountRegistrationTest ****
11:05:39.903 [TestNG-tests-1] INFO  testCases.TC001_AccountRegistrationTest - Clicked on my account
11:05:40.144 [TestNG-tests-1] INFO  testCases.TC001_AccountRegistrationTest - Clicked on register link
11:05:40.146 [TestNG-tests-1] INFO  testCases.TC001_AccountRegistrationTest - Providing customer details
11:05:40.542 [TestNG-tests-1] INFO  testCases.TC001_AccountRegistrationTest - ****Finished TC001_AccountRegistrationTest****
11:05:47.369 [TestNG-tests-2] INFO  testCases.TC001_AccountRegistrationTest - **** Starting TC001_AccountRegistrationTest ****
11:05:47.496 [TestNG-tests-2] INFO  testCases.TC001_AccountRegistrationTest - Clicked on my account
11:05:47.740 [TestNG-tests-2] INFO  testCases.TC001_AccountRegistrationTest - Clicked on register link
11:05:47.742 [TestNG-tests-2] INFO  testCases.TC001_AccountRegistrationTest - Providing customer details
11:05:48.198 [TestNG-tests-2] INFO  testCases.TC001_AccountRegistrationTest - ****Finished TC001_AccountRegistrationTest****
11:06:25.500 [TestNG-tests-2] INFO  testCases.TC001_AccountRegistrationTest - **** Starting TC001_AccountRegistrationTest ****
11:06:25.500 [TestNG-tests-1] INFO  testCases.TC001_AccountRegistrationTest - **** Starting TC001_AccountRegistrationTest ****
11:06:25.698 [TestNG-tests-1] INFO  testCases.TC001_AccountRegistrationTest - Clicked on my account
11:06:25.737 [TestNG-tests-2] INFO  testCases.TC001_AccountRegistrationTest - Clicked on my account
11:06:35.815 [TestNG-tests-1] ERROR testCases.TC001_AccountRegistrationTest - Test failed
11:06:45.860 [TestNG-tests-2] ERROR testCases.TC001_AccountRegistrationTest - Test failed
11:07:14.179 [TestNG-tests-1] INFO  testCases.TC001_AccountRegistrationTest - **** Starting TC001_AccountRegistrationTest ****
11:07:14.179 [TestNG-tests-2] INFO  testCases.TC001_AccountRegistrationTest - **** Starting TC001_AccountRegistrationTest ****
11:07:14.430 [TestNG-tests-2] INFO  testCases.TC001_AccountRegistrationTest - Clicked on my account
11:07:14.470 [TestNG-tests-1] INFO  testCases.TC001_AccountRegistrationTest - Clicked on my account
11:07:24.550 [TestNG-tests-2] ERROR testCases.TC001_AccountRegistrationTest - Test failed
11:07:34.597 [TestNG-tests-1] ERROR testCases.TC001_AccountRegistrationTest - Test failed
21:05:02.398 [main] INFO  testCases.TC001_AccountRegistrationTest - **** Starting TC001_AccountRegistrationTest ****
21:05:02.604 [main] INFO  testCases.TC001_AccountRegistrationTest - Clicked on my account
21:05:02.858 [main] INFO  testCases.TC001_AccountRegistrationTest - Clicked on register link
21:05:02.872 [main] INFO  testCases.TC001_AccountRegistrationTest - Providing customer details
21:05:03.258 [main] INFO  testCases.TC001_AccountRegistrationTest - ****Finished TC001_AccountRegistrationTest****
21:05:05.624 [main] INFO  testCases.TC002_LoginTest - **** Starting login test ****
21:05:05.625 [main] INFO  testCases.TC002_LoginTest - **** home page ****
21:05:06.32 [main] INFO  testCases.TC002_LoginTest - **** login page ****
21:05:06.428 [main] INFO  testCases.TC002_LoginTest - **** my account page ****
21:05:06.490 [main] INFO  testCases.TC002_LoginTest - **** Finished login test ****
21:51:44.02 [main] INFO  testCases.TC001_AccountRegistrationTest - **** Starting TC001_AccountRegistrationTest ****
21:51:44.184 [main] INFO  testCases.TC001_AccountRegistrationTest - Clicked on my account
21:51:44.489 [main] INFO  testCases.TC001_AccountRegistrationTest - Clicked on register link
